<?xml version="1.0" encoding="UTF-8"?>
<!-- Generated by org.testng.reporters.JUnitXMLReporter -->
<testsuite hostname="JLERONA-LAP" ignored="0" name="VerifyLowestFirstPriceFilter" tests="1" failures="1" timestamp="2020-02-19T09:43:05 CST" time="28.463" errors="0">
  <testcase name="verifyLowestFirstPriceListInProduct_deatilsPage" time="20.991" classname="com.uiFramework.companyName.bhanuProjectName.testScripts.productDetailsPage.VerifyLowestFirstPriceFilter">
    <failure type="java.lang.AssertionError" message="did not expect to find [true] but found [false]">
      <![CDATA[java.lang.AssertionError: did not expect to find [true] but found [false]
at com.uiFramework.companyName.bhanuProjectName.helper.assertion.AssertionHelper.fail(AssertionHelper.java:60)
at com.uiFramework.companyName.bhanuProjectName.helper.assertion.AssertionHelper.updateTestStatus(AssertionHelper.java:72)
at com.uiFramework.companyName.bhanuProjectName.testScripts.productDetailsPage.VerifyLowestFirstPriceFilter.verifyLowestFirstPriceListInProduct_deatilsPage(VerifyLowestFirstPriceFilter.java:49)
at java.util.ArrayList.forEach(ArrayList.java:1257)
... Removed 31 stack frames]]>
    </failure>
  </testcase> <!-- verifyLowestFirstPriceListInProduct_deatilsPage -->
</testsuite> <!-- VerifyLowestFirstPriceFilter -->
