<?xml version="1.0" encoding="UTF-8"?>
<!-- Generated by org.testng.reporters.JUnitXMLReporter -->
<testsuite hostname="JLERONA-LAP" ignored="0" name="B" tests="1" failures="1" timestamp="2019-11-21T16:05:45 CST" time="4.963" errors="0">
  <testcase name="testLoginB" time="0.006" classname="com.uiFramework.B">
    <failure type="java.lang.AssertionError" message="did not expect to find [true] but found [false]">
      <![CDATA[java.lang.AssertionError: did not expect to find [true] but found [false]
at com.uiFramework.B.testLoginB(B.java:19)
at java.util.ArrayList.forEach(ArrayList.java:1257)
... Removed 31 stack frames]]>
    </failure>
  </testcase> <!-- testLoginB -->
</testsuite> <!-- B -->
