<?xml version="1.0" encoding="UTF-8"?>
<!-- Generated by org.testng.reporters.JUnitXMLReporter -->
<testsuite hostname="JLERONA-LAP" ignored="0" name="C" tests="1" failures="1" timestamp="2019-11-21T16:05:50 CST" time="4.616" errors="0">
  <testcase name="testLoginC" time="0.001" classname="com.uiFramework.C">
    <failure type="java.lang.AssertionError" message="did not expect to find [true] but found [false]">
      <![CDATA[java.lang.AssertionError: did not expect to find [true] but found [false]
at com.uiFramework.C.testLoginC(C.java:16)
at java.util.ArrayList.forEach(ArrayList.java:1257)
... Removed 31 stack frames]]>
    </failure>
  </testcase> <!-- testLoginC -->
</testsuite> <!-- C -->
