<?xml version="1.0" encoding="UTF-8"?>
<testng-results skipped="0" failed="2" ignored="0" total="4" passed="2">
  <reporter-output>
    <line>
      <![CDATA[captureScreen method called]]>
    </line>
    <line>
      <![CDATA[<a href='C:\Users\jlerona\uiFramework\testFramework\src\main\resources\screenShots\testLogin1_19_02_2020_01_41_02.png'><img src='C:\Users\jlerona\uiFramework\testFramework\src\main\resources\screenShots\testLogin1_19_02_2020_01_41_02.png'height='100' width='100'/></a>]]>
    </line>
    <line>
      <![CDATA[captureScreen method called]]>
    </line>
    <line>
      <![CDATA[<a href='C:\Users\jlerona\uiFramework\testFramework\src\main\resources\screenShots\testLogin3_19_02_2020_01_41_03.png'><img src='C:\Users\jlerona\uiFramework\testFramework\src\main\resources\screenShots\testLogin3_19_02_2020_01_41_03.png'height='100' width='100'/></a>]]>
    </line>
  </reporter-output>
  <suite name="Default suite" duration-ms="9874" started-at="2020-02-19T13:40:54 CST" finished-at="2020-02-19T13:41:04 CST">
    <groups>
    </groups>
    <test name="Default test" duration-ms="9874" started-at="2020-02-19T13:40:54 CST" finished-at="2020-02-19T13:41:04 CST">
      <class name="com.uiFramework.companyName.bhanuProjectName.testScripts.Test1">
        <test-method status="PASS" signature="beforeSuite()[pri:0, instance:com.uiFramework.companyName.bhanuProjectName.testScripts.Test1@7113b13f]" name="beforeSuite" is-config="true" duration-ms="114" started-at="2020-02-19T13:40:54 CST" finished-at="2020-02-19T13:40:54 CST">
          <reporter-output>
          </reporter-output>
        </test-method> <!-- beforeSuite -->
        <test-method status="PASS" signature="beforeTest()[pri:0, instance:com.uiFramework.companyName.bhanuProjectName.testScripts.Test1@7113b13f]" name="beforeTest" is-config="true" duration-ms="7486" started-at="2020-02-19T13:40:54 CST" finished-at="2020-02-19T13:41:02 CST">
          <reporter-output>
          </reporter-output>
        </test-method> <!-- beforeTest -->
        <test-method status="PASS" signature="beforeMethod(java.lang.reflect.Method)[pri:0, instance:com.uiFramework.companyName.bhanuProjectName.testScripts.Test1@7113b13f]" name="beforeMethod" is-config="true" duration-ms="10" started-at="2020-02-19T13:41:02 CST" finished-at="2020-02-19T13:41:02 CST">
          <params>
            <param index="0">
              <value>
                <![CDATA[public void com.uiFramework.companyName.bhanuProjectName.testScripts.Test1.testLogin()]]>
              </value>
            </param>
          </params>
          <reporter-output>
          </reporter-output>
        </test-method> <!-- beforeMethod -->
        <test-method status="PASS" signature="testLogin()[pri:0, instance:com.uiFramework.companyName.bhanuProjectName.testScripts.Test1@7113b13f]" name="testLogin" duration-ms="12" started-at="2020-02-19T13:41:02 CST" finished-at="2020-02-19T13:41:02 CST">
          <reporter-output>
          </reporter-output>
        </test-method> <!-- testLogin -->
        <test-method status="PASS" signature="afterMethod(org.testng.ITestResult)[pri:0, instance:com.uiFramework.companyName.bhanuProjectName.testScripts.Test1@7113b13f]" name="afterMethod" is-config="true" duration-ms="351" started-at="2020-02-19T13:41:02 CST" finished-at="2020-02-19T13:41:02 CST">
          <params>
            <param index="0">
              <value>
                <![CDATA[[TestResult name=testLogin status=SUCCESS method=Test1.testLogin()[pri:0, instance:com.uiFramework.companyName.bhanuProjectName.testScripts.Test1@7113b13f] output={null}]]]>
              </value>
            </param>
          </params>
          <reporter-output>
          </reporter-output>
        </test-method> <!-- afterMethod -->
        <test-method status="PASS" signature="beforeMethod(java.lang.reflect.Method)[pri:0, instance:com.uiFramework.companyName.bhanuProjectName.testScripts.Test1@7113b13f]" name="beforeMethod" is-config="true" duration-ms="1" started-at="2020-02-19T13:41:02 CST" finished-at="2020-02-19T13:41:02 CST">
          <params>
            <param index="0">
              <value>
                <![CDATA[public void com.uiFramework.companyName.bhanuProjectName.testScripts.Test1.testLogin1()]]>
              </value>
            </param>
          </params>
          <reporter-output>
          </reporter-output>
        </test-method> <!-- beforeMethod -->
        <test-method status="FAIL" signature="testLogin1()[pri:0, instance:com.uiFramework.companyName.bhanuProjectName.testScripts.Test1@7113b13f]" name="testLogin1" duration-ms="4" started-at="2020-02-19T13:41:02 CST" finished-at="2020-02-19T13:41:02 CST">
          <exception class="java.lang.AssertionError">
            <message>
              <![CDATA[did not expect to find [true] but found [false]]]>
            </message>
            <full-stacktrace>
              <![CDATA[java.lang.AssertionError: did not expect to find [true] but found [false]
at org.testng.Assert.fail(Assert.java:97)
at org.testng.Assert.failNotEquals(Assert.java:969)
at org.testng.Assert.assertTrue(Assert.java:43)
at org.testng.Assert.assertTrue(Assert.java:53)
at com.uiFramework.companyName.bhanuProjectName.helper.assertion.AssertionHelper.markFail(AssertionHelper.java:33)
at com.uiFramework.companyName.bhanuProjectName.testScripts.Test1.testLogin1(Test1.java:18)
at sun.reflect.NativeMethodAccessorImpl.invoke0(Native Method)
at sun.reflect.NativeMethodAccessorImpl.invoke(NativeMethodAccessorImpl.java:62)
at sun.reflect.DelegatingMethodAccessorImpl.invoke(DelegatingMethodAccessorImpl.java:43)
at java.lang.reflect.Method.invoke(Method.java:498)
at org.testng.internal.MethodInvocationHelper.invokeMethod(MethodInvocationHelper.java:133)
at org.testng.internal.TestInvoker.invokeMethod(TestInvoker.java:584)
at org.testng.internal.TestInvoker.invokeTestMethod(TestInvoker.java:172)
at org.testng.internal.MethodRunner.runInSequence(MethodRunner.java:46)
at org.testng.internal.TestInvoker$MethodInvocationAgent.invoke(TestInvoker.java:804)
at org.testng.internal.TestInvoker.invokeTestMethods(TestInvoker.java:145)
at org.testng.internal.TestMethodWorker.invokeTestMethods(TestMethodWorker.java:146)
at org.testng.internal.TestMethodWorker.run(TestMethodWorker.java:128)
at java.util.ArrayList.forEach(ArrayList.java:1257)
at org.testng.TestRunner.privateRun(TestRunner.java:770)
at org.testng.TestRunner.run(TestRunner.java:591)
at org.testng.SuiteRunner.runTest(SuiteRunner.java:402)
at org.testng.SuiteRunner.runSequentially(SuiteRunner.java:396)
at org.testng.SuiteRunner.privateRun(SuiteRunner.java:355)
at org.testng.SuiteRunner.run(SuiteRunner.java:304)
at org.testng.SuiteRunnerWorker.runSuite(SuiteRunnerWorker.java:53)
at org.testng.SuiteRunnerWorker.run(SuiteRunnerWorker.java:96)
at org.testng.TestNG.runSuitesSequentially(TestNG.java:1180)
at org.testng.TestNG.runSuitesLocally(TestNG.java:1102)
at org.testng.TestNG.runSuites(TestNG.java:1032)
at org.testng.TestNG.run(TestNG.java:1000)
at org.testng.remote.AbstractRemoteTestNG.run(AbstractRemoteTestNG.java:115)
at org.testng.remote.RemoteTestNG.initAndRun(RemoteTestNG.java:251)
at org.testng.remote.RemoteTestNG.main(RemoteTestNG.java:77)
]]>
            </full-stacktrace>
          </exception> <!-- java.lang.AssertionError -->
          <reporter-output>
          </reporter-output>
        </test-method> <!-- testLogin1 -->
        <test-method status="PASS" signature="afterMethod(org.testng.ITestResult)[pri:0, instance:com.uiFramework.companyName.bhanuProjectName.testScripts.Test1@7113b13f]" name="afterMethod" is-config="true" duration-ms="551" started-at="2020-02-19T13:41:02 CST" finished-at="2020-02-19T13:41:03 CST">
          <params>
            <param index="0">
              <value>
                <![CDATA[[TestResult name=testLogin1 status=FAILURE method=Test1.testLogin1()[pri:0, instance:com.uiFramework.companyName.bhanuProjectName.testScripts.Test1@7113b13f] output={null}]]]>
              </value>
            </param>
          </params>
          <reporter-output>
            <line>
              <![CDATA[captureScreen method called]]>
            </line>
            <line>
              <![CDATA[<a href='C:\Users\jlerona\uiFramework\testFramework\src\main\resources\screenShots\testLogin1_19_02_2020_01_41_02.png'><img src='C:\Users\jlerona\uiFramework\testFramework\src\main\resources\screenShots\testLogin1_19_02_2020_01_41_02.png'height='100' width='100'/></a>]]>
            </line>
          </reporter-output>
        </test-method> <!-- afterMethod -->
        <test-method status="PASS" signature="beforeMethod(java.lang.reflect.Method)[pri:0, instance:com.uiFramework.companyName.bhanuProjectName.testScripts.Test1@7113b13f]" name="beforeMethod" is-config="true" duration-ms="1" started-at="2020-02-19T13:41:03 CST" finished-at="2020-02-19T13:41:03 CST">
          <params>
            <param index="0">
              <value>
                <![CDATA[public void com.uiFramework.companyName.bhanuProjectName.testScripts.Test1.testLogin2()]]>
              </value>
            </param>
          </params>
          <reporter-output>
          </reporter-output>
        </test-method> <!-- beforeMethod -->
        <test-method status="PASS" signature="testLogin2()[pri:0, instance:com.uiFramework.companyName.bhanuProjectName.testScripts.Test1@7113b13f]" name="testLogin2" duration-ms="2" started-at="2020-02-19T13:41:03 CST" finished-at="2020-02-19T13:41:03 CST">
          <reporter-output>
          </reporter-output>
        </test-method> <!-- testLogin2 -->
        <test-method status="PASS" signature="afterMethod(org.testng.ITestResult)[pri:0, instance:com.uiFramework.companyName.bhanuProjectName.testScripts.Test1@7113b13f]" name="afterMethod" is-config="true" duration-ms="66" started-at="2020-02-19T13:41:03 CST" finished-at="2020-02-19T13:41:03 CST">
          <params>
            <param index="0">
              <value>
                <![CDATA[[TestResult name=testLogin2 status=SUCCESS method=Test1.testLogin2()[pri:0, instance:com.uiFramework.companyName.bhanuProjectName.testScripts.Test1@7113b13f] output={null}]]]>
              </value>
            </param>
          </params>
          <reporter-output>
          </reporter-output>
        </test-method> <!-- afterMethod -->
        <test-method status="PASS" signature="beforeMethod(java.lang.reflect.Method)[pri:0, instance:com.uiFramework.companyName.bhanuProjectName.testScripts.Test1@7113b13f]" name="beforeMethod" is-config="true" duration-ms="1" started-at="2020-02-19T13:41:03 CST" finished-at="2020-02-19T13:41:03 CST">
          <params>
            <param index="0">
              <value>
                <![CDATA[public void com.uiFramework.companyName.bhanuProjectName.testScripts.Test1.testLogin3()]]>
              </value>
            </param>
          </params>
          <reporter-output>
          </reporter-output>
        </test-method> <!-- beforeMethod -->
        <test-method status="FAIL" signature="testLogin3()[pri:0, instance:com.uiFramework.companyName.bhanuProjectName.testScripts.Test1@7113b13f]" name="testLogin3" duration-ms="3" started-at="2020-02-19T13:41:03 CST" finished-at="2020-02-19T13:41:03 CST">
          <exception class="java.lang.AssertionError">
            <message>
              <![CDATA[did not expect to find [true] but found [false]]]>
            </message>
            <full-stacktrace>
              <![CDATA[java.lang.AssertionError: did not expect to find [true] but found [false]
at org.testng.Assert.fail(Assert.java:97)
at org.testng.Assert.failNotEquals(Assert.java:969)
at org.testng.Assert.assertTrue(Assert.java:43)
at org.testng.Assert.assertTrue(Assert.java:53)
at com.uiFramework.companyName.bhanuProjectName.helper.assertion.AssertionHelper.markFail(AssertionHelper.java:33)
at com.uiFramework.companyName.bhanuProjectName.testScripts.Test1.testLogin3(Test1.java:28)
at sun.reflect.NativeMethodAccessorImpl.invoke0(Native Method)
at sun.reflect.NativeMethodAccessorImpl.invoke(NativeMethodAccessorImpl.java:62)
at sun.reflect.DelegatingMethodAccessorImpl.invoke(DelegatingMethodAccessorImpl.java:43)
at java.lang.reflect.Method.invoke(Method.java:498)
at org.testng.internal.MethodInvocationHelper.invokeMethod(MethodInvocationHelper.java:133)
at org.testng.internal.TestInvoker.invokeMethod(TestInvoker.java:584)
at org.testng.internal.TestInvoker.invokeTestMethod(TestInvoker.java:172)
at org.testng.internal.MethodRunner.runInSequence(MethodRunner.java:46)
at org.testng.internal.TestInvoker$MethodInvocationAgent.invoke(TestInvoker.java:804)
at org.testng.internal.TestInvoker.invokeTestMethods(TestInvoker.java:145)
at org.testng.internal.TestMethodWorker.invokeTestMethods(TestMethodWorker.java:146)
at org.testng.internal.TestMethodWorker.run(TestMethodWorker.java:128)
at java.util.ArrayList.forEach(ArrayList.java:1257)
at org.testng.TestRunner.privateRun(TestRunner.java:770)
at org.testng.TestRunner.run(TestRunner.java:591)
at org.testng.SuiteRunner.runTest(SuiteRunner.java:402)
at org.testng.SuiteRunner.runSequentially(SuiteRunner.java:396)
at org.testng.SuiteRunner.privateRun(SuiteRunner.java:355)
at org.testng.SuiteRunner.run(SuiteRunner.java:304)
at org.testng.SuiteRunnerWorker.runSuite(SuiteRunnerWorker.java:53)
at org.testng.SuiteRunnerWorker.run(SuiteRunnerWorker.java:96)
at org.testng.TestNG.runSuitesSequentially(TestNG.java:1180)
at org.testng.TestNG.runSuitesLocally(TestNG.java:1102)
at org.testng.TestNG.runSuites(TestNG.java:1032)
at org.testng.TestNG.run(TestNG.java:1000)
at org.testng.remote.AbstractRemoteTestNG.run(AbstractRemoteTestNG.java:115)
at org.testng.remote.RemoteTestNG.initAndRun(RemoteTestNG.java:251)
at org.testng.remote.RemoteTestNG.main(RemoteTestNG.java:77)
]]>
            </full-stacktrace>
          </exception> <!-- java.lang.AssertionError -->
          <reporter-output>
          </reporter-output>
        </test-method> <!-- testLogin3 -->
        <test-method status="PASS" signature="afterMethod(org.testng.ITestResult)[pri:0, instance:com.uiFramework.companyName.bhanuProjectName.testScripts.Test1@7113b13f]" name="afterMethod" is-config="true" duration-ms="370" started-at="2020-02-19T13:41:03 CST" finished-at="2020-02-19T13:41:03 CST">
          <params>
            <param index="0">
              <value>
                <![CDATA[[TestResult name=testLogin3 status=FAILURE method=Test1.testLogin3()[pri:0, instance:com.uiFramework.companyName.bhanuProjectName.testScripts.Test1@7113b13f] output={null}]]]>
              </value>
            </param>
          </params>
          <reporter-output>
            <line>
              <![CDATA[captureScreen method called]]>
            </line>
            <line>
              <![CDATA[<a href='C:\Users\jlerona\uiFramework\testFramework\src\main\resources\screenShots\testLogin3_19_02_2020_01_41_03.png'><img src='C:\Users\jlerona\uiFramework\testFramework\src\main\resources\screenShots\testLogin3_19_02_2020_01_41_03.png'height='100' width='100'/></a>]]>
            </line>
          </reporter-output>
        </test-method> <!-- afterMethod -->
        <test-method status="PASS" signature="afterTest()[pri:0, instance:com.uiFramework.companyName.bhanuProjectName.testScripts.Test1@7113b13f]" name="afterTest" is-config="true" duration-ms="969" started-at="2020-02-19T13:41:03 CST" finished-at="2020-02-19T13:41:04 CST">
          <reporter-output>
          </reporter-output>
        </test-method> <!-- afterTest -->
      </class> <!-- com.uiFramework.companyName.bhanuProjectName.testScripts.Test1 -->
    </test> <!-- Default test -->
  </suite> <!-- Default suite -->
</testng-results>
